<?xml version="1.0" encoding="UTF-8"?>
<testng-results skipped="0" failed="0" ignored="0" total="1" passed="1">
  <reporter-output>
  </reporter-output>
  <suite name="Default suite" duration-ms="652" started-at="2018-03-21T21:08:29Z" finished-at="2018-03-21T21:08:30Z">
    <groups>
    </groups>
    <test name="Default test" duration-ms="652" started-at="2018-03-21T21:08:29Z" finished-at="2018-03-21T21:08:30Z">
      <class name="RegisterTests">
        <test-method status="PASS" signature="SetUpConnection()[pri:0, instance:RegisterTests@1b26f7b2]" name="SetUpConnection" is-config="true" duration-ms="389" started-at="2018-03-21T21:08:29Z" finished-at="2018-03-21T21:08:29Z">
          <reporter-output>
          </reporter-output>
        </test-method> <!-- SetUpConnection -->
        <test-method status="PASS" signature="OperationalMethod()[pri:0, instance:RegisterTests@1b26f7b2]" name="OperationalMethod" duration-ms="237" started-at="2018-03-21T21:08:29Z" finished-at="2018-03-21T21:08:30Z">
          <reporter-output>
          </reporter-output>
        </test-method> <!-- OperationalMethod -->
      </class> <!-- RegisterTests -->
    </test> <!-- Default test -->
  </suite> <!-- Default suite -->
</testng-results>
